<?xml version="1.0" encoding="UTF-8"?>
<testsuite name="ru.stqa.pft.addressbook.tests.MemberCreationTests" tests="1" skipped="0" failures="0" errors="0" timestamp="2021-07-20T10:51:35" hostname="LAPTOP-Q5CP9LID" time="1.515">
  <properties/>
  <testcase name="testMemberCreation" classname="ru.stqa.pft.addressbook.tests.MemberCreationTests" time="1.515"/>
  <system-out><![CDATA[]]></system-out>
  <system-err><![CDATA[SLF4J: Failed to load class "org.slf4j.impl.StaticLoggerBinder".
SLF4J: Defaulting to no-operation (NOP) logger implementation
SLF4J: See http://www.slf4j.org/codes.html#StaticLoggerBinder for further details.
1626778290680	geckodriver	INFO	Listening on 127.0.0.1:5706
1626778291607	mozrunner::runner	INFO	Running command: "C:\\Program Files\\Mozilla Firefox\\firefox.exe" "--marionette" "--remote-debugging-port" "0" "-foreground" "-no-remote" "-profile" "C:\\Users\\osipo\\AppData\\Local\\Temp\\rust_mozprofile9RyYGk"
1626778291940	Marionette	INFO	Marionette enabled
console.warn: SearchSettings: "get: No settings file exists, new profile?" (new NotFoundError("Could not open the file at C:\\Users\\osipo\\AppData\\Local\\Temp\\rust_mozprofile9RyYGk\\search.json.mozlz4", (void 0)))
DevTools listening on ws://localhost:61560/devtools/browser/66db2e1c-4da1-49bc-903b-01de8a7fbc7f
1626778293818	Marionette	INFO	Listening on port 61667
1626778294283	Marionette	WARN	TLS certificate errors will be ignored for this session
июл 20, 2021 1:51:34 PM org.openqa.selenium.remote.ProtocolHandshake createSession
INFO: Detected dialect: W3C
1626778296609	Marionette	INFO	Stopped listening on port 61667
!!! error running onStopped callback: TypeError: callback is not a function

###!!! [Child][RunMessage] Error: Channel closing: too late to send/recv, messages will be lost

1626778296914	RemoteAgent	ERROR	unable to stop listener: [Exception... "Component returned failure code: 0x8000ffff (NS_ERROR_UNEXPECTED) [nsIWindowMediator.getEnumerator]"  nsresult: "0x8000ffff (NS_ERROR_UNEXPECTED)"  location: "JS frame :: chrome://remote/content/cdp/observers/TargetObserver.jsm :: stop :: line 64"  data: no] Stack trace: stop()@TargetObserver.jsm:64
unwatchForTabs()@TargetList.jsm:70
unwatchForTargets()@TargetList.jsm:37
destructor()@TargetList.jsm:109
close()@RemoteAgent.jsm:129
]]></system-err>
</testsuite>
