<?xml version="1.0" encoding="UTF-8"?>
<testsuite name="ru.stqa.pft.addressbook.tests.GroupModificationTests" tests="1" skipped="0" failures="0" errors="0" timestamp="2021-07-20T06:36:57" hostname="LAPTOP-Q5CP9LID" time="1.246">
  <properties/>
  <testcase name="testGroupModification" classname="ru.stqa.pft.addressbook.tests.GroupModificationTests" time="1.246"/>
  <system-out><![CDATA[]]></system-out>
  <system-err><![CDATA[SLF4J: Failed to load class "org.slf4j.impl.StaticLoggerBinder".
SLF4J: Defaulting to no-operation (NOP) logger implementation
SLF4J: See http://www.slf4j.org/codes.html#StaticLoggerBinder for further details.
1626763013892	geckodriver	INFO	Listening on 127.0.0.1:30641
1626763014803	mozrunner::runner	INFO	Running command: "C:\\Program Files\\Mozilla Firefox\\firefox.exe" "--marionette" "--remote-debugging-port" "0" "-foreground" "-no-remote" "-profile" "C:\\Users\\osipo\\AppData\\Local\\Temp\\rust_mozprofileGltxZc"
1626763015130	Marionette	INFO	Marionette enabled
console.warn: SearchSettings: "get: No settings file exists, new profile?" (new NotFoundError("Could not open the file at C:\\Users\\osipo\\AppData\\Local\\Temp\\rust_mozprofileGltxZc\\search.json.mozlz4", (void 0)))
DevTools listening on ws://localhost:50040/devtools/browser/9c79fda2-4e7d-4996-80fb-bd8644139fe6
1626763016907	Marionette	INFO	Listening on port 50018
1626763016969	Marionette	WARN	TLS certificate errors will be ignored for this session
июл 20, 2021 9:36:57 AM org.openqa.selenium.remote.ProtocolHandshake createSession
INFO: Detected dialect: W3C
1626763019073	Marionette	INFO	Stopped listening on port 50018
!!! error running onStopped callback: TypeError: callback is not a function

###!!! [Child][RunMessage] Error: Channel closing: too late to send/recv, messages will be lost

1626763019383	RemoteAgent	ERROR	unable to stop listener: [Exception... "Component returned failure code: 0x8000ffff (NS_ERROR_UNEXPECTED) [nsIWindowMediator.getEnumerator]"  nsresult: "0x8000ffff (NS_ERROR_UNEXPECTED)"  location: "JS frame :: chrome://remote/content/cdp/observers/TargetObserver.jsm :: stop :: line 64"  data: no] Stack trace: stop()@TargetObserver.jsm:64
unwatchForTabs()@TargetList.jsm:70
unwatchForTargets()@TargetList.jsm:37
destructor()@TargetList.jsm:109
close()@RemoteAgent.jsm:129
]]></system-err>
</testsuite>
